<?xml version="1.0" encoding="UTF-8"?>
<testng-results ignored="0" total="2" passed="2" failed="0" skipped="0">
  <reporter-output>
  </reporter-output>
  <suite started-at="2024-01-15T19:59:40 IST" name="Suite" finished-at="2024-01-15T19:59:47 IST" duration-ms="6337">
    <groups>
    </groups>
    <test started-at="2024-01-15T19:59:40 IST" name="Parallel Test" finished-at="2024-01-15T19:59:47 IST" duration-ms="6337">
      <class name="stepdefinition.Amazon1">
        <test-method signature="user_launches_amazon_home_page()[pri:0, instance:stepdefinition.Amazon1@4be29ed9]" started-at="2024-01-15T19:59:41 IST" name="user_launches_amazon_home_page" finished-at="2024-01-15T19:59:45 IST" duration-ms="4774" status="PASS">
          <reporter-output>
          </reporter-output>
        </test-method> <!-- user_launches_amazon_home_page -->
      </class> <!-- stepdefinition.Amazon1 -->
      <class name="stepdefinition.Amazon2">
        <test-method signature="user_launches_amazon_home_page()[pri:0, instance:stepdefinition.Amazon2@35dab4eb]" started-at="2024-01-15T19:59:41 IST" name="user_launches_amazon_home_page" finished-at="2024-01-15T19:59:47 IST" duration-ms="6267" status="PASS">
          <reporter-output>
          </reporter-output>
        </test-method> <!-- user_launches_amazon_home_page -->
      </class> <!-- stepdefinition.Amazon2 -->
    </test> <!-- Parallel Test -->
  </suite> <!-- Suite -->
</testng-results>
